FILE_TYPE=LIBRARY_PARTS;
PRIMITIVE 'F0603G0R03FNTR','F0603G0R03FNTR_Other';
  PIN
    '1':
      PIN_NUMBER='(1)';
      NO_LOAD_CHECK=BOTH;
      NO_IO_CHECK=BOTH;
      ALLOW_CONNECT=TRUE;
      PINUSE='UNSPEC';
    '2':
      PIN_NUMBER='(2)';
      NO_LOAD_CHECK=BOTH;
      NO_IO_CHECK=BOTH;
      ALLOW_CONNECT=TRUE;
      PINUSE='UNSPEC';
  END_PIN;
  BODY
    PART_NAME='F0603G0R03FNTR';
    PHYS_DES_PREFIX='F';
    NO_LOAD_CHECK='TRUE';
    PIN_COUNT='2';
    BODY_NAME='F0603G0R03FNTR';
    JEDEC_TYPE='F0603G0R03FNTR';
  END_BODY;
END_PRIMITIVE;
END.
