FILE_TYPE=LIBRARY_PARTS;
PRIMITIVE 'PESD1IVN27_AX','PESD1IVN27_AX_Small Outline Diode';
  PIN
    'K1':
      PIN_NUMBER='(1)';
      NO_LOAD_CHECK=BOTH;
      NO_IO_CHECK=BOTH;
      ALLOW_CONNECT=TRUE;
      PINUSE='UNSPEC';
    'K2':
      PIN_NUMBER='(2)';
      NO_LOAD_CHECK=BOTH;
      NO_IO_CHECK=BOTH;
      ALLOW_CONNECT=TRUE;
      PINUSE='UNSPEC';
  END_PIN;
  BODY
    PART_NAME='PESD1IVN27_AX';
    PHYS_DES_PREFIX='D';
    NO_LOAD_CHECK='TRUE';
    PIN_COUNT='2';
    BODY_NAME='PESD1IVN27_AX';
    JEDEC_TYPE='SOD2512X110N';
  END_BODY;
END_PRIMITIVE;
END.
